# JRE version: OpenJDK Runtime Environment (17.0.9) (build 17.0.9+0--11185874)
# Java VM: OpenJDK 64-Bit Server VM (17.0.9+0--11185874, mixed mode, tiered, compressed oops, compressed class ptrs, g1 gc, windows-amd64)
GC Precious Log:
 CPUs: 8 total, 8 available
 Memory: 7877M
 Large Page Support: Disabled
 NUMA Support: Disabled
 Compressed Oops: Enabled (32-bit)
 Heap Region Size: 1M
 Heap Min Capacity: 8M
 Heap Initial Capacity: 124M
 Heap Max Capacity: 2G
 Pre-touch: Disabled
 Parallel Workers: 8
 Concurrent Workers: 2
 Concurrent Refinement Workers: 8
 Periodic GC: Disabled
Heap:
 garbage-first heap   total 88064K, used 51087K [0x0000000080000000, 0x0000000100000000)
  region size 1024K, 5 young (5120K), 4 survivors (4096K)
 Metaspace       used 58380K, committed 58880K, reserved 1114112K
  class space    used 7659K, committed 7872K, reserved 1048576K
GC Heap History (20 events):
Event: 3.715 GC heap before
{Heap before GC invocations=6 (full 0):
 garbage-first heap   total 68608K, used 47460K [0x0000000080000000, 0x0000000100000000)
  region size 1024K, 27 young (27648K), 1 survivors (1024K)
 Metaspace       used 30576K, committed 30912K, reserved 1114112K
  class space    used 4125K, committed 4288K, reserved 1048576K
}
Event: 3.717 GC heap after
{Heap after GC invocations=7 (full 0):
 garbage-first heap   total 68608K, used 22061K [0x0000000080000000, 0x0000000100000000)
  region size 1024K, 2 young (2048K), 2 survivors (2048K)
 Metaspace       used 30576K, committed 30912K, reserved 1114112K
  class space    used 4125K, committed 4288K, reserved 1048576K
}
Event: 4.217 GC heap before
{Heap before GC invocations=7 (full 0):
 garbage-first heap   total 68608K, used 48685K [0x0000000080000000, 0x0000000100000000)
  region size 1024K, 29 young (29696K), 2 survivors (2048K)
 Metaspace       used 35465K, committed 35840K, reserved 1114112K
  class space    used 4785K, committed 4928K, reserved 1048576K
}
Event: 4.221 GC heap after
{Heap after GC invocations=8 (full 0):
 garbage-first heap   total 68608K, used 23939K [0x0000000080000000, 0x0000000100000000)
  region size 1024K, 4 young (4096K), 4 survivors (4096K)
 Metaspace       used 35465K, committed 35840K, reserved 1114112K
  class space    used 4785K, committed 4928K, reserved 1048576K
}
Event: 4.260 GC heap before
{Heap before GC invocations=8 (full 0):
 garbage-first heap   total 68608K, used 24963K [0x0000000080000000, 0x0000000100000000)
  region size 1024K, 6 young (6144K), 4 survivors (4096K)
 Metaspace       used 35671K, committed 35968K, reserved 1114112K
  class space    used 4803K, committed 4928K, reserved 1048576K
}
Event: 4.265 GC heap after
{Heap after GC invocations=9 (full 0):
 garbage-first heap   total 68608K, used 24291K [0x0000000080000000, 0x0000000100000000)
  region size 1024K, 3 young (3072K), 3 survivors (3072K)
 Metaspace       used 35671K, committed 35968K, reserved 1114112K
  class space    used 4803K, committed 4928K, reserved 1048576K
}
Event: 4.655 GC heap before
{Heap before GC invocations=10 (full 0):
 garbage-first heap   total 68608K, used 48867K [0x0000000080000000, 0x0000000100000000)
  region size 1024K, 28 young (28672K), 3 survivors (3072K)
 Metaspace       used 39349K, committed 39744K, reserved 1114112K
  class space    used 5189K, committed 5376K, reserved 1048576K
}
Event: 4.660 GC heap after
{Heap after GC invocations=11 (full 0):
 garbage-first heap   total 88064K, used 28517K [0x0000000080000000, 0x0000000100000000)
  region size 1024K, 4 young (4096K), 4 survivors (4096K)
 Metaspace       used 39349K, committed 39744K, reserved 1114112K
  class space    used 5189K, committed 5376K, reserved 1048576K
}
Event: 5.561 GC heap before
{Heap before GC invocations=11 (full 0):
 garbage-first heap   total 88064K, used 65381K [0x0000000080000000, 0x0000000100000000)
  region size 1024K, 38 young (38912K), 4 survivors (4096K)
 Metaspace       used 43213K, committed 43584K, reserved 1114112K
  class space    used 5670K, committed 5824K, reserved 1048576K
}
Event: 5.569 GC heap after
{Heap after GC invocations=12 (full 0):
 garbage-first heap   total 88064K, used 30702K [0x0000000080000000, 0x0000000100000000)
  region size 1024K, 4 young (4096K), 4 survivors (4096K)
 Metaspace       used 43213K, committed 43584K, reserved 1114112K
  class space    used 5670K, committed 5824K, reserved 1048576K
}
Event: 6.261 GC heap before
{Heap before GC invocations=12 (full 0):
 garbage-first heap   total 88064K, used 64494K [0x0000000080000000, 0x0000000100000000)
  region size 1024K, 37 young (37888K), 4 survivors (4096K)
 Metaspace       used 48206K, committed 48576K, reserved 1114112K
  class space    used 6378K, committed 6528K, reserved 1048576K
}
Event: 6.265 GC heap after
{Heap after GC invocations=13 (full 0):
 garbage-first heap   total 88064K, used 32737K [0x0000000080000000, 0x0000000100000000)
  region size 1024K, 3 young (3072K), 3 survivors (3072K)
 Metaspace       used 48206K, committed 48576K, reserved 1114112K
  class space    used 6378K, committed 6528K, reserved 1048576K
}
Event: 7.119 GC heap before
{Heap before GC invocations=13 (full 0):
 garbage-first heap   total 88064K, used 66529K [0x0000000080000000, 0x0000000100000000)
  region size 1024K, 36 young (36864K), 3 survivors (3072K)
 Metaspace       used 53960K, committed 54336K, reserved 1114112K
  class space    used 7075K, committed 7232K, reserved 1048576K
}
Event: 7.124 GC heap after
{Heap after GC invocations=14 (full 0):
 garbage-first heap   total 88064K, used 35988K [0x0000000080000000, 0x0000000100000000)
  region size 1024K, 5 young (5120K), 5 survivors (5120K)
 Metaspace       used 53960K, committed 54336K, reserved 1114112K
  class space    used 7075K, committed 7232K, reserved 1048576K
}
Event: 9.473 GC heap before
{Heap before GC invocations=14 (full 0):
 garbage-first heap   total 88064K, used 66708K [0x0000000080000000, 0x0000000100000000)
  region size 1024K, 36 young (36864K), 5 survivors (5120K)
 Metaspace       used 58196K, committed 58688K, reserved 1114112K
  class space    used 7638K, committed 7872K, reserved 1048576K
}
Event: 9.480 GC heap after
{Heap after GC invocations=15 (full 0):
 garbage-first heap   total 88064K, used 38765K [0x0000000080000000, 0x0000000100000000)
  region size 1024K, 3 young (3072K), 3 survivors (3072K)
 Metaspace       used 58196K, committed 58688K, reserved 1114112K
  class space    used 7638K, committed 7872K, reserved 1048576K
}
Event: 9.705 GC heap before
{Heap before GC invocations=15 (full 0):
 garbage-first heap   total 88064K, used 47981K [0x0000000080000000, 0x0000000100000000)
  region size 1024K, 11 young (11264K), 3 survivors (3072K)
 Metaspace       used 58373K, committed 58816K, reserved 1114112K
  class space    used 7659K, committed 7872K, reserved 1048576K
}
Event: 9.709 GC heap after
{Heap after GC invocations=16 (full 0):
 garbage-first heap   total 88064K, used 42802K [0x0000000080000000, 0x0000000100000000)
  region size 1024K, 1 young (1024K), 1 survivors (1024K)
 Metaspace       used 58373K, committed 58816K, reserved 1114112K
  class space    used 7659K, committed 7872K, reserved 1048576K
}
Event: 9.881 GC heap before
{Heap before GC invocations=17 (full 0):
 garbage-first heap   total 88064K, used 47922K [0x0000000080000000, 0x0000000100000000)
  region size 1024K, 5 young (5120K), 1 survivors (1024K)
 Metaspace       used 58380K, committed 58880K, reserved 1114112K
  class space    used 7659K, committed 7872K, reserved 1048576K
}
Event: 9.882 GC heap after
{Heap after GC invocations=18 (full 0):
 garbage-first heap   total 88064K, used 46991K [0x0000000080000000, 0x0000000100000000)
  region size 1024K, 4 young (4096K), 4 survivors (4096K)
 Metaspace       used 58380K, committed 58880K, reserved 1114112K
  class space    used 7659K, committed 7872K, reserved 1048576K
}

